Using pre-set license
Built from '2020.3/staging' branch; Version is '2020.3.10f1 (297d780c91bc) revision 2719096'; Using compiler version '192528614'; Build Type 'Release'
OS: 'Windows 10 Pro; OS build 19044.2251; Version 2009; 64bit' Language: 'en' Physical Memory: 16310 MB
BatchMode: 1, IsHumanControllingUs: 0, StartBugReporterOnCrash: 0, Is64bit: 1, IsPro: 0

 COMMAND LINE ARGUMENTS:
E:\2020.3.10f1\Editor\Unity.exe
-adb2
-batchMode
-noUpm
-name
AssetImportWorker0
-projectPath
E:/Unity Projects/Word Game Fix Fix
-logFile
Logs/AssetImportWorker0.log
-srvPort
63795
Successfully changed project path to: E:/Unity Projects/Word Game Fix Fix
E:/Unity Projects/Word Game Fix Fix
Using Asset Import Pipeline V2.
Refreshing native plugins compatible for Editor in 47.58 ms, found 3 plugins.
Preloading 0 native plugins for Editor in 0.00 ms.
Initialize engine version: 2020.3.10f1 (297d780c91bc)
[Subsystems] Discovering subsystems at path E:/2020.3.10f1/Editor/Data/Resources/UnitySubsystems
[Subsystems] Discovering subsystems at path E:/Unity Projects/Word Game Fix Fix/Assets
GfxDevice: creating device client; threaded=0
Direct3D:
    Version:  Direct3D 11.0 [level 11.1]
    Renderer: Radeon RX 580 Series (ID=0x67df)
    Vendor:   
    VRAM:     8171 MB
    Driver:   27.20.1034.6
Initialize mono
Mono path[0] = 'E:/2020.3.10f1/Editor/Data/Managed'
Mono path[1] = 'E:/2020.3.10f1/Editor/Data/MonoBleedingEdge/lib/mono/unityjit'
Mono config path = 'E:/2020.3.10f1/Editor/Data/MonoBleedingEdge/etc'
Using monoOptions --debugger-agent=transport=dt_socket,embedding=1,server=y,suspend=n,address=127.0.0.1:56720
Begin MonoManager ReloadAssembly
Registering precompiled unity dll's ...
Register platform support module: E:/2020.3.10f1/Editor/Data/PlaybackEngines/WindowsStandaloneSupport/UnityEditor.WindowsStandalone.Extensions.dll
Registered in 0.001236 seconds.
Native extension for WindowsStandalone target not found
Refreshing native plugins compatible for Editor in 42.81 ms, found 3 plugins.
Preloading 0 native plugins for Editor in 0.00 ms.
Mono: successfully reloaded assembly
- Completed reload, in  1.068 seconds
Platform modules already initialized, skipping
Registering precompiled user dll's ...
Registered in 0.004460 seconds.
Begin MonoManager ReloadAssembly
Native extension for WindowsStandalone target not found
Refreshing native plugins compatible for Editor in 46.74 ms, found 3 plugins.
Preloading 0 native plugins for Editor in 0.00 ms.
Disabling WSA platform on asset settings for E:\Unity Projects\Word Game Fix Fix\Assets\NuGet.config

Mono: successfully reloaded assembly
- Completed reload, in  1.187 seconds
Platform modules already initialized, skipping
========================================================================
Worker process is ready to serve import requests
Launched and connected shader compiler UnityShaderCompiler.exe after 0.05 seconds
Refreshing native plugins compatible for Editor in 0.51 ms, found 3 plugins.
Preloading 0 native plugins for Editor in 0.00 ms.
Unloading 2097 Unused Serialized files (Serialized files now loaded: 0)
System memory in use before: 93.6 MB.
System memory in use after: 93.6 MB.

Unloading 34 unused Assets to reduce memory usage. Loaded Objects now: 2532.
Total: 3.132600 ms (FindLiveObjects: 0.225800 ms CreateObjectMapping: 0.048900 ms MarkObjects: 2.710000 ms  DeleteObjects: 0.146300 ms)

========================================================================
Received Import Request.
  path: Assets/Shapes2D/Preferences.asset
  artifactKey: Guid(625b6ef095c26463685d2cf468f81259) Importer(815301076,1909f56bfc062723c751e8b465ee728b)
Start importing Assets/Shapes2D/Preferences.asset using Guid(625b6ef095c26463685d2cf468f81259) Importer(815301076,1909f56bfc062723c751e8b465ee728b)  -> (artifact id: '488af1e3fa001b14b395d11afe605119') in 0.036476 seconds
  Import took 0.040617 seconds .

========================================================================
Received Import Request.
  Time since last request: 33.210455 seconds.
  path: Assets/Scenes/SampleScene.unity
  artifactKey: Guid(2cda990e2423bbf4892e6590ba056729) Importer(815301076,1909f56bfc062723c751e8b465ee728b)
Start importing Assets/Scenes/SampleScene.unity using Guid(2cda990e2423bbf4892e6590ba056729) Importer(815301076,1909f56bfc062723c751e8b465ee728b)  -> (artifact id: 'aa27944bdea339c97c39027c7eea529c') in 0.005554 seconds
  Import took 0.008665 seconds .

========================================================================
Received Import Request.
  Time since last request: 0.003360 seconds.
  path: Assets/Scenes/SampleScene.unity
  artifactKey: Guid(2cda990e2423bbf4892e6590ba056729) Importer(815301076,1909f56bfc062723c751e8b465ee728b)
Start importing Assets/Scenes/SampleScene.unity using Guid(2cda990e2423bbf4892e6590ba056729) Importer(815301076,1909f56bfc062723c751e8b465ee728b)  -> (artifact id: 'aa27944bdea339c97c39027c7eea529c') in 0.002703 seconds
  Import took 0.006111 seconds .

========================================================================
Received Import Request.
  Time since last request: 4.260625 seconds.
  path: Assets/Scenes 1/SampleScene.unity
  artifactKey: Guid(64788212c3eebe34fa9ce77c2fcaa5b5) Importer(815301076,1909f56bfc062723c751e8b465ee728b)
Start importing Assets/Scenes 1/SampleScene.unity using Guid(64788212c3eebe34fa9ce77c2fcaa5b5) Importer(815301076,1909f56bfc062723c751e8b465ee728b)  -> (artifact id: '7676b632be808d44bbfaebeeec45e477') in 0.002678 seconds
  Import took 0.005971 seconds .

========================================================================
Received Import Request.
  Time since last request: 0.002056 seconds.
  path: Assets/Scenes 1/SampleScene.unity
  artifactKey: Guid(64788212c3eebe34fa9ce77c2fcaa5b5) Importer(815301076,1909f56bfc062723c751e8b465ee728b)
Start importing Assets/Scenes 1/SampleScene.unity using Guid(64788212c3eebe34fa9ce77c2fcaa5b5) Importer(815301076,1909f56bfc062723c751e8b465ee728b)  -> (artifact id: '7676b632be808d44bbfaebeeec45e477') in 0.002132 seconds
  Import took 0.005056 seconds .

========================================================================
Received Prepare
Registering precompiled user dll's ...
Registered in 0.004001 seconds.
Begin MonoManager ReloadAssembly
Native extension for WindowsStandalone target not found
Refreshing native plugins compatible for Editor in 0.49 ms, found 3 plugins.
Preloading 0 native plugins for Editor in 0.00 ms.
Mono: successfully reloaded assembly
- Completed reload, in  1.034 seconds
Platform modules already initialized, skipping
Refreshing native plugins compatible for Editor in 0.49 ms, found 3 plugins.
Preloading 0 native plugins for Editor in 0.00 ms.
Unloading 2118 Unused Serialized files (Serialized files now loaded: 0)
System memory in use before: 95.8 MB.
System memory in use after: 95.2 MB.

Unloading 36 unused Assets to reduce memory usage. Loaded Objects now: 2551.
Total: 2.577800 ms (FindLiveObjects: 0.231200 ms CreateObjectMapping: 0.048300 ms MarkObjects: 1.938300 ms  DeleteObjects: 0.358500 ms)

========================================================================
Received Prepare
Registering precompiled user dll's ...
Registered in 0.003921 seconds.
Begin MonoManager ReloadAssembly
Native extension for WindowsStandalone target not found
Refreshing native plugins compatible for Editor in 0.51 ms, found 3 plugins.
Preloading 0 native plugins for Editor in 0.00 ms.
Mono: successfully reloaded assembly
- Completed reload, in  1.019 seconds
Platform modules already initialized, skipping
Refreshing native plugins compatible for Editor in 0.51 ms, found 3 plugins.
Preloading 0 native plugins for Editor in 0.00 ms.
Unloading 2118 Unused Serialized files (Serialized files now loaded: 0)
System memory in use before: 95.9 MB.
System memory in use after: 95.2 MB.

Unloading 36 unused Assets to reduce memory usage. Loaded Objects now: 2555.
Total: 2.630400 ms (FindLiveObjects: 0.216600 ms CreateObjectMapping: 0.048000 ms MarkObjects: 1.952500 ms  DeleteObjects: 0.411800 ms)

========================================================================
Received Import Request.
  Time since last request: 90.151672 seconds.
  path: Assets/NuGet
  artifactKey: Guid(217cb7caed5f7fb49b339428b1d80974) Importer(815301076,1909f56bfc062723c751e8b465ee728b)
Start importing Assets/NuGet using Guid(217cb7caed5f7fb49b339428b1d80974) Importer(815301076,1909f56bfc062723c751e8b465ee728b)  -> (artifact id: '9a4a6931c38724e3135a693db1c2d0eb') in 0.009015 seconds
  Import took 0.012233 seconds .

========================================================================
Received Import Request.
  Time since last request: 0.002401 seconds.
  path: Assets/NuGet
  artifactKey: Guid(217cb7caed5f7fb49b339428b1d80974) Importer(815301076,1909f56bfc062723c751e8b465ee728b)
Start importing Assets/NuGet using Guid(217cb7caed5f7fb49b339428b1d80974) Importer(815301076,1909f56bfc062723c751e8b465ee728b)  -> (artifact id: '9a4a6931c38724e3135a693db1c2d0eb') in 0.001797 seconds
  Import took 0.004578 seconds .

========================================================================
Received Import Request.
  Time since last request: 1.724279 seconds.
  path: Assets/Packages
  artifactKey: Guid(0b87ecaa62eb19d4999f06395a9aa670) Importer(815301076,1909f56bfc062723c751e8b465ee728b)
Start importing Assets/Packages using Guid(0b87ecaa62eb19d4999f06395a9aa670) Importer(815301076,1909f56bfc062723c751e8b465ee728b)  -> (artifact id: 'de333bb8f34685d2bfc68989d351f3d8') in 0.010694 seconds
  Import took 0.017392 seconds .

========================================================================
Received Import Request.
  Time since last request: 1.642484 seconds.
  path: Assets/Resources
  artifactKey: Guid(fb7b34ba7d867a34a98a9b2f5fb47a1e) Importer(815301076,1909f56bfc062723c751e8b465ee728b)
Start importing Assets/Resources using Guid(fb7b34ba7d867a34a98a9b2f5fb47a1e) Importer(815301076,1909f56bfc062723c751e8b465ee728b)  -> (artifact id: '0238b6acf21bc726398ca715504a6ad7') in 0.006029 seconds
  Import took 0.009409 seconds .

========================================================================
Received Import Request.
  Time since last request: 0.694106 seconds.
  path: Assets/Prefabs
  artifactKey: Guid(c075ae6071044104f83baa7b63058daa) Importer(815301076,1909f56bfc062723c751e8b465ee728b)
Start importing Assets/Prefabs using Guid(c075ae6071044104f83baa7b63058daa) Importer(815301076,1909f56bfc062723c751e8b465ee728b)  -> (artifact id: '23f6d4beaa39e2af78c146c4a9a954ff') in 0.005447 seconds
  Import took 0.008634 seconds .

========================================================================
Received Import Request.
  Time since last request: 0.038799 seconds.
  path: Assets/Prefabs/Letter.prefab
  artifactKey: Guid(ea20430e89c99a9488437a5e344750bc) Importer(815301076,1909f56bfc062723c751e8b465ee728b)
Start importing Assets/Prefabs/Letter.prefab using Guid(ea20430e89c99a9488437a5e344750bc) Importer(815301076,1909f56bfc062723c751e8b465ee728b)  -> (artifact id: '4f246ba8d65301f101a9d22370021a0a') in 0.078143 seconds
  Import took 0.082245 seconds .

========================================================================
Received Import Request.
  Time since last request: 0.000287 seconds.
  path: Assets/Prefabs/Rectangle.prefab
  artifactKey: Guid(fcab612377f198f4ba9708fa1a7407d7) Importer(815301076,1909f56bfc062723c751e8b465ee728b)
Start importing Assets/Prefabs/Rectangle.prefab using Guid(fcab612377f198f4ba9708fa1a7407d7) Importer(815301076,1909f56bfc062723c751e8b465ee728b)  -> (artifact id: '17041b98069b99b000cb86657980a67d') in 0.076900 seconds
  Import took 0.080352 seconds .

========================================================================
Received Import Request.
  Time since last request: 9.528242 seconds.
  path: Assets/Prefabs/Letter.prefab
  artifactKey: Guid(ea20430e89c99a9488437a5e344750bc) Importer(815301076,1909f56bfc062723c751e8b465ee728b)
Start importing Assets/Prefabs/Letter.prefab using Guid(ea20430e89c99a9488437a5e344750bc) Importer(815301076,1909f56bfc062723c751e8b465ee728b)  -> (artifact id: 'cd5d807c1119c34a3f1f0ea3a892f0c0') in 0.035197 seconds
  Import took 0.038626 seconds .

========================================================================
Received Prepare
Registering precompiled user dll's ...
Registered in 0.003991 seconds.
Begin MonoManager ReloadAssembly
Native extension for WindowsStandalone target not found
Refreshing native plugins compatible for Editor in 0.51 ms, found 3 plugins.
Preloading 0 native plugins for Editor in 0.00 ms.
Mono: successfully reloaded assembly
- Completed reload, in  1.013 seconds
Platform modules already initialized, skipping
Refreshing native plugins compatible for Editor in 0.69 ms, found 3 plugins.
Preloading 0 native plugins for Editor in 0.00 ms.
Unloading 2118 Unused Serialized files (Serialized files now loaded: 0)
System memory in use before: 98.9 MB.
System memory in use after: 98.2 MB.

Unloading 36 unused Assets to reduce memory usage. Loaded Objects now: 2566.
Total: 2.513600 ms (FindLiveObjects: 0.220400 ms CreateObjectMapping: 0.050500 ms MarkObjects: 1.860300 ms  DeleteObjects: 0.380800 ms)

AssetImportWorkerClient::OnTransportError - code=2 error=End of file
